{"/Users/ricardonazario/Desktop/Codetrotters/Web Apps/Hometurf/server.js": {"path":"/Users/ricardonazario/Desktop/Codetrotters/Web Apps/Hometurf/server.js","statementMap":{"0":{"start":{"line":1,"column":19},"end":{"line":1,"column":41}},"1":{"start":{"line":2,"column":17},"end":{"line":2,"column":36}},"2":{"start":{"line":3,"column":17},"end":{"line":3,"column":36}},"3":{"start":{"line":4,"column":21},"end":{"line":4,"column":45}},"4":{"start":{"line":6,"column":22},"end":{"line":6,"column":56}},"5":{"start":{"line":7,"column":16},"end":{"line":7,"column":42}},"6":{"start":{"line":8,"column":13},"end":{"line":8,"column":37}},"7":{"start":{"line":9,"column":18},"end":{"line":9,"column":47}},"8":{"start":{"line":10,"column":13},"end":{"line":10,"column":37}},"9":{"start":{"line":11,"column":14},"end":{"line":11,"column":39}},"10":{"start":{"line":12,"column":16},"end":{"line":12,"column":43}},"11":{"start":{"line":14,"column":12},"end":{"line":14,"column":32}},"12":{"start":{"line":17,"column":0},"end":{"line":17,"column":33}},"13":{"start":{"line":18,"column":0},"end":{"line":18,"column":48}},"14":{"start":{"line":21,"column":0},"end":{"line":36,"column":2}},"15":{"start":{"line":23,"column":8},"end":{"line":34,"column":10}},"16":{"start":{"line":25,"column":12},"end":{"line":25,"column":37}},"17":{"start":{"line":25,"column":21},"end":{"line":25,"column":37}},"18":{"start":{"line":26,"column":12},"end":{"line":26,"column":47}},"19":{"start":{"line":26,"column":23},"end":{"line":26,"column":47}},"20":{"start":{"line":27,"column":12},"end":{"line":33,"column":14}},"21":{"start":{"line":28,"column":16},"end":{"line":28,"column":41}},"22":{"start":{"line":28,"column":25},"end":{"line":28,"column":41}},"23":{"start":{"line":29,"column":16},"end":{"line":31,"column":17}},"24":{"start":{"line":30,"column":20},"end":{"line":30,"column":43}},"25":{"start":{"line":32,"column":16},"end":{"line":32,"column":40}},"26":{"start":{"line":38,"column":0},"end":{"line":40,"column":2}},"27":{"start":{"line":39,"column":4},"end":{"line":39,"column":27}},"28":{"start":{"line":42,"column":0},"end":{"line":48,"column":2}},"29":{"start":{"line":43,"column":4},"end":{"line":47,"column":6}},"30":{"start":{"line":44,"column":8},"end":{"line":44,"column":37}},"31":{"start":{"line":44,"column":17},"end":{"line":44,"column":37}},"32":{"start":{"line":45,"column":8},"end":{"line":45,"column":46}},"33":{"start":{"line":45,"column":19},"end":{"line":45,"column":46}},"34":{"start":{"line":46,"column":8},"end":{"line":46,"column":35}},"35":{"start":{"line":50,"column":0},"end":{"line":50,"column":23}},"36":{"start":{"line":51,"column":0},"end":{"line":51,"column":26}},"37":{"start":{"line":52,"column":0},"end":{"line":52,"column":42}},"38":{"start":{"line":53,"column":0},"end":{"line":53,"column":30}},"39":{"start":{"line":54,"column":0},"end":{"line":54,"column":27}},"40":{"start":{"line":61,"column":0},"end":{"line":61,"column":31}},"41":{"start":{"line":62,"column":0},"end":{"line":62,"column":90}},"42":{"start":{"line":63,"column":0},"end":{"line":63,"column":34}},"43":{"start":{"line":66,"column":0},"end":{"line":66,"column":47}},"44":{"start":{"line":67,"column":0},"end":{"line":67,"column":49}},"45":{"start":{"line":68,"column":0},"end":{"line":68,"column":45}},"46":{"start":{"line":69,"column":0},"end":{"line":69,"column":51}},"47":{"start":{"line":70,"column":0},"end":{"line":70,"column":58}},"48":{"start":{"line":73,"column":0},"end":{"line":73,"column":41}},"49":{"start":{"line":74,"column":0},"end":{"line":74,"column":65}},"50":{"start":{"line":75,"column":0},"end":{"line":75,"column":65}},"51":{"start":{"line":76,"column":0},"end":{"line":76,"column":66}},"52":{"start":{"line":77,"column":0},"end":{"line":77,"column":68}},"53":{"start":{"line":80,"column":0},"end":{"line":80,"column":68}},"54":{"start":{"line":81,"column":0},"end":{"line":81,"column":51}},"55":{"start":{"line":84,"column":0},"end":{"line":84,"column":71}},"56":{"start":{"line":85,"column":0},"end":{"line":85,"column":58}},"57":{"start":{"line":86,"column":0},"end":{"line":86,"column":66}},"58":{"start":{"line":95,"column":4},"end":{"line":95,"column":47}},"59":{"start":{"line":99,"column":4},"end":{"line":99,"column":37}},"60":{"start":{"line":104,"column":15},"end":{"line":104,"column":33}},"61":{"start":{"line":106,"column":4},"end":{"line":109,"column":6}},"62":{"start":{"line":107,"column":8},"end":{"line":107,"column":37}},"63":{"start":{"line":107,"column":17},"end":{"line":107,"column":37}},"64":{"start":{"line":108,"column":8},"end":{"line":108,"column":29}},"65":{"start":{"line":115,"column":17},"end":{"line":115,"column":32}},"66":{"start":{"line":116,"column":17},"end":{"line":116,"column":29}},"67":{"start":{"line":118,"column":4},"end":{"line":122,"column":6}},"68":{"start":{"line":119,"column":8},"end":{"line":119,"column":39}},"69":{"start":{"line":119,"column":17},"end":{"line":119,"column":39}},"70":{"start":{"line":120,"column":8},"end":{"line":120,"column":55}},"71":{"start":{"line":120,"column":20},"end":{"line":120,"column":55}},"72":{"start":{"line":121,"column":8},"end":{"line":121,"column":30}},"73":{"start":{"line":127,"column":4},"end":{"line":140,"column":6}},"74":{"start":{"line":128,"column":8},"end":{"line":128,"column":37}},"75":{"start":{"line":128,"column":17},"end":{"line":128,"column":37}},"76":{"start":{"line":129,"column":8},"end":{"line":129,"column":64}},"77":{"start":{"line":129,"column":20},"end":{"line":129,"column":64}},"78":{"start":{"line":131,"column":24},"end":{"line":131,"column":26}},"79":{"start":{"line":132,"column":8},"end":{"line":138,"column":9}},"80":{"start":{"line":133,"column":12},"end":{"line":137,"column":14}},"81":{"start":{"line":134,"column":16},"end":{"line":134,"column":45}},"82":{"start":{"line":134,"column":25},"end":{"line":134,"column":45}},"83":{"start":{"line":135,"column":16},"end":{"line":135,"column":67}},"84":{"start":{"line":135,"column":28},"end":{"line":135,"column":67}},"85":{"start":{"line":136,"column":16},"end":{"line":136,"column":37}},"86":{"start":{"line":139,"column":8},"end":{"line":139,"column":34}},"87":{"start":{"line":145,"column":4},"end":{"line":149,"column":6}},"88":{"start":{"line":146,"column":8},"end":{"line":146,"column":37}},"89":{"start":{"line":146,"column":17},"end":{"line":146,"column":37}},"90":{"start":{"line":147,"column":8},"end":{"line":147,"column":73}},"91":{"start":{"line":147,"column":23},"end":{"line":147,"column":73}},"92":{"start":{"line":148,"column":8},"end":{"line":148,"column":33}},"93":{"start":{"line":154,"column":16},"end":{"line":154,"column":35}},"94":{"start":{"line":156,"column":4},"end":{"line":170,"column":5}},"95":{"start":{"line":158,"column":8},"end":{"line":158,"column":38}},"96":{"start":{"line":159,"column":8},"end":{"line":159,"column":39}},"97":{"start":{"line":161,"column":8},"end":{"line":169,"column":10}},"98":{"start":{"line":162,"column":12},"end":{"line":162,"column":41}},"99":{"start":{"line":162,"column":21},"end":{"line":162,"column":41}},"100":{"start":{"line":163,"column":12},"end":{"line":163,"column":66}},"101":{"start":{"line":163,"column":23},"end":{"line":163,"column":66}},"102":{"start":{"line":164,"column":12},"end":{"line":164,"column":46}},"103":{"start":{"line":165,"column":12},"end":{"line":168,"column":14}},"104":{"start":{"line":166,"column":16},"end":{"line":166,"column":45}},"105":{"start":{"line":166,"column":25},"end":{"line":166,"column":45}},"106":{"start":{"line":167,"column":16},"end":{"line":167,"column":38}},"107":{"start":{"line":175,"column":20},"end":{"line":175,"column":40}},"108":{"start":{"line":176,"column":24},"end":{"line":176,"column":26}},"109":{"start":{"line":177,"column":17},"end":{"line":177,"column":19}},"110":{"start":{"line":179,"column":4},"end":{"line":226,"column":6}},"111":{"start":{"line":181,"column":8},"end":{"line":181,"column":36}},"112":{"start":{"line":182,"column":8},"end":{"line":182,"column":29}},"113":{"start":{"line":183,"column":8},"end":{"line":225,"column":9}},"114":{"start":{"line":184,"column":12},"end":{"line":195,"column":13}},"115":{"start":{"line":185,"column":16},"end":{"line":190,"column":18}},"116":{"start":{"line":186,"column":20},"end":{"line":186,"column":45}},"117":{"start":{"line":186,"column":29},"end":{"line":186,"column":45}},"118":{"start":{"line":187,"column":20},"end":{"line":189,"column":22}},"119":{"start":{"line":188,"column":24},"end":{"line":188,"column":45}},"120":{"start":{"line":191,"column":19},"end":{"line":195,"column":13}},"121":{"start":{"line":192,"column":16},"end":{"line":194,"column":18}},"122":{"start":{"line":193,"column":20},"end":{"line":193,"column":41}},"123":{"start":{"line":198,"column":24},"end":{"line":198,"column":35}},"124":{"start":{"line":200,"column":12},"end":{"line":224,"column":13}},"125":{"start":{"line":202,"column":16},"end":{"line":219,"column":17}},"126":{"start":{"line":204,"column":20},"end":{"line":204,"column":50}},"127":{"start":{"line":205,"column":20},"end":{"line":205,"column":51}},"128":{"start":{"line":207,"column":20},"end":{"line":218,"column":22}},"129":{"start":{"line":208,"column":24},"end":{"line":208,"column":53}},"130":{"start":{"line":208,"column":33},"end":{"line":208,"column":53}},"131":{"start":{"line":209,"column":24},"end":{"line":209,"column":78}},"132":{"start":{"line":209,"column":35},"end":{"line":209,"column":78}},"133":{"start":{"line":210,"column":24},"end":{"line":210,"column":58}},"134":{"start":{"line":211,"column":24},"end":{"line":211,"column":52}},"135":{"start":{"line":212,"column":24},"end":{"line":217,"column":26}},"136":{"start":{"line":213,"column":28},"end":{"line":213,"column":57}},"137":{"start":{"line":213,"column":37},"end":{"line":213,"column":57}},"138":{"start":{"line":214,"column":28},"end":{"line":216,"column":30}},"139":{"start":{"line":215,"column":32},"end":{"line":215,"column":54}},"140":{"start":{"line":221,"column":16},"end":{"line":223,"column":18}},"141":{"start":{"line":222,"column":20},"end":{"line":222,"column":65}},"142":{"start":{"line":232,"column":4},"end":{"line":232,"column":88}},"143":{"start":{"line":237,"column":15},"end":{"line":237,"column":30}},"144":{"start":{"line":239,"column":4},"end":{"line":244,"column":6}},"145":{"start":{"line":240,"column":8},"end":{"line":240,"column":37}},"146":{"start":{"line":240,"column":17},"end":{"line":240,"column":37}},"147":{"start":{"line":241,"column":8},"end":{"line":241,"column":76}},"148":{"start":{"line":241,"column":26},"end":{"line":241,"column":76}},"149":{"start":{"line":242,"column":8},"end":{"line":242,"column":32}},"150":{"start":{"line":243,"column":8},"end":{"line":243,"column":36}},"151":{"start":{"line":248,"column":4},"end":{"line":253,"column":6}},"152":{"start":{"line":249,"column":8},"end":{"line":249,"column":31}},"153":{"start":{"line":250,"column":8},"end":{"line":250,"column":37}},"154":{"start":{"line":250,"column":17},"end":{"line":250,"column":37}},"155":{"start":{"line":251,"column":8},"end":{"line":251,"column":75}},"156":{"start":{"line":251,"column":25},"end":{"line":251,"column":75}},"157":{"start":{"line":252,"column":8},"end":{"line":252,"column":35}},"158":{"start":{"line":257,"column":4},"end":{"line":261,"column":6}},"159":{"start":{"line":258,"column":8},"end":{"line":258,"column":37}},"160":{"start":{"line":258,"column":17},"end":{"line":258,"column":37}},"161":{"start":{"line":259,"column":8},"end":{"line":259,"column":64}},"162":{"start":{"line":259,"column":20},"end":{"line":259,"column":64}},"163":{"start":{"line":260,"column":8},"end":{"line":260,"column":30}},"164":{"start":{"line":266,"column":17},"end":{"line":266,"column":34}},"165":{"start":{"line":267,"column":19},"end":{"line":267,"column":21}},"166":{"start":{"line":269,"column":18},"end":{"line":269,"column":31}},"167":{"start":{"line":270,"column":4},"end":{"line":270,"column":31}},"168":{"start":{"line":271,"column":4},"end":{"line":271,"column":25}},"169":{"start":{"line":272,"column":4},"end":{"line":272,"column":48}},"170":{"start":{"line":274,"column":4},"end":{"line":301,"column":6}},"171":{"start":{"line":275,"column":8},"end":{"line":275,"column":37}},"172":{"start":{"line":275,"column":17},"end":{"line":275,"column":37}},"173":{"start":{"line":276,"column":8},"end":{"line":276,"column":62}},"174":{"start":{"line":276,"column":19},"end":{"line":276,"column":62}},"175":{"start":{"line":277,"column":8},"end":{"line":277,"column":51}},"176":{"start":{"line":278,"column":8},"end":{"line":278,"column":104}},"177":{"start":{"line":280,"column":8},"end":{"line":300,"column":9}},"178":{"start":{"line":282,"column":26},"end":{"line":282,"column":28}},"179":{"start":{"line":283,"column":30},"end":{"line":283,"column":46}},"180":{"start":{"line":285,"column":12},"end":{"line":293,"column":14}},"181":{"start":{"line":286,"column":16},"end":{"line":286,"column":43}},"182":{"start":{"line":287,"column":16},"end":{"line":287,"column":40}},"183":{"start":{"line":289,"column":16},"end":{"line":292,"column":18}},"184":{"start":{"line":290,"column":20},"end":{"line":290,"column":49}},"185":{"start":{"line":290,"column":29},"end":{"line":290,"column":49}},"186":{"start":{"line":291,"column":20},"end":{"line":291,"column":44}},"187":{"start":{"line":295,"column":12},"end":{"line":295,"column":39}},"188":{"start":{"line":296,"column":12},"end":{"line":299,"column":14}},"189":{"start":{"line":297,"column":16},"end":{"line":297,"column":45}},"190":{"start":{"line":297,"column":25},"end":{"line":297,"column":45}},"191":{"start":{"line":298,"column":16},"end":{"line":298,"column":40}},"192":{"start":{"line":308,"column":17},"end":{"line":308,"column":29}},"193":{"start":{"line":309,"column":21},"end":{"line":309,"column":36}},"194":{"start":{"line":310,"column":4},"end":{"line":310,"column":29}},"195":{"start":{"line":312,"column":4},"end":{"line":320,"column":5}},"196":{"start":{"line":314,"column":24},"end":{"line":314,"column":39}},"197":{"start":{"line":316,"column":8},"end":{"line":319,"column":10}},"198":{"start":{"line":317,"column":12},"end":{"line":317,"column":41}},"199":{"start":{"line":317,"column":21},"end":{"line":317,"column":41}},"200":{"start":{"line":318,"column":12},"end":{"line":318,"column":38}},"201":{"start":{"line":325,"column":4},"end":{"line":342,"column":5}},"202":{"start":{"line":326,"column":26},"end":{"line":326,"column":34}},"203":{"start":{"line":327,"column":22},"end":{"line":327,"column":33}},"204":{"start":{"line":328,"column":8},"end":{"line":340,"column":9}},"205":{"start":{"line":330,"column":26},"end":{"line":330,"column":50}},"206":{"start":{"line":331,"column":12},"end":{"line":331,"column":48}},"207":{"start":{"line":335,"column":12},"end":{"line":339,"column":14}},"208":{"start":{"line":336,"column":16},"end":{"line":336,"column":47}},"209":{"start":{"line":336,"column":25},"end":{"line":336,"column":47}},"210":{"start":{"line":337,"column":16},"end":{"line":337,"column":49}},"211":{"start":{"line":337,"column":27},"end":{"line":337,"column":49}},"212":{"start":{"line":338,"column":16},"end":{"line":338,"column":34}},"213":{"start":{"line":341,"column":8},"end":{"line":341,"column":32}},"214":{"start":{"line":349,"column":4},"end":{"line":351,"column":5}},"215":{"start":{"line":350,"column":8},"end":{"line":350,"column":30}},"216":{"start":{"line":355,"column":4},"end":{"line":366,"column":6}},"217":{"start":{"line":356,"column":8},"end":{"line":356,"column":37}},"218":{"start":{"line":356,"column":17},"end":{"line":356,"column":37}},"219":{"start":{"line":357,"column":8},"end":{"line":357,"column":72}},"220":{"start":{"line":357,"column":24},"end":{"line":357,"column":72}},"221":{"start":{"line":359,"column":8},"end":{"line":359,"column":35}},"222":{"start":{"line":361,"column":12},"end":{"line":365,"column":10}},"223":{"start":{"line":362,"column":12},"end":{"line":362,"column":41}},"224":{"start":{"line":362,"column":21},"end":{"line":362,"column":41}},"225":{"start":{"line":363,"column":12},"end":{"line":363,"column":70}},"226":{"start":{"line":363,"column":25},"end":{"line":363,"column":70}},"227":{"start":{"line":364,"column":12},"end":{"line":364,"column":35}},"228":{"start":{"line":373,"column":18},"end":{"line":373,"column":36}},"229":{"start":{"line":374,"column":23},"end":{"line":374,"column":38}},"230":{"start":{"line":376,"column":4},"end":{"line":398,"column":6}},"231":{"start":{"line":377,"column":21},"end":{"line":377,"column":23}},"232":{"start":{"line":378,"column":8},"end":{"line":397,"column":9}},"233":{"start":{"line":379,"column":12},"end":{"line":389,"column":13}},"234":{"start":{"line":380,"column":16},"end":{"line":383,"column":18}},"235":{"start":{"line":381,"column":20},"end":{"line":381,"column":49}},"236":{"start":{"line":381,"column":29},"end":{"line":381,"column":49}},"237":{"start":{"line":382,"column":20},"end":{"line":382,"column":42}},"238":{"start":{"line":384,"column":19},"end":{"line":389,"column":13}},"239":{"start":{"line":385,"column":16},"end":{"line":388,"column":18}},"240":{"start":{"line":386,"column":20},"end":{"line":386,"column":49}},"241":{"start":{"line":386,"column":29},"end":{"line":386,"column":49}},"242":{"start":{"line":387,"column":20},"end":{"line":387,"column":42}},"243":{"start":{"line":391,"column":12},"end":{"line":396,"column":13}},"244":{"start":{"line":392,"column":16},"end":{"line":395,"column":18}},"245":{"start":{"line":393,"column":20},"end":{"line":393,"column":49}},"246":{"start":{"line":393,"column":29},"end":{"line":393,"column":49}},"247":{"start":{"line":394,"column":20},"end":{"line":394,"column":42}},"248":{"start":{"line":403,"column":18},"end":{"line":403,"column":31}},"249":{"start":{"line":404,"column":20},"end":{"line":404,"column":38}},"250":{"start":{"line":405,"column":17},"end":{"line":405,"column":34}},"251":{"start":{"line":406,"column":4},"end":{"line":406,"column":25}},"252":{"start":{"line":407,"column":4},"end":{"line":407,"column":31}},"253":{"start":{"line":408,"column":4},"end":{"line":408,"column":41}},"254":{"start":{"line":410,"column":4},"end":{"line":424,"column":6}},"255":{"start":{"line":412,"column":8},"end":{"line":412,"column":37}},"256":{"start":{"line":412,"column":17},"end":{"line":412,"column":37}},"257":{"start":{"line":413,"column":8},"end":{"line":413,"column":62}},"258":{"start":{"line":413,"column":19},"end":{"line":413,"column":62}},"259":{"start":{"line":414,"column":8},"end":{"line":414,"column":35}},"260":{"start":{"line":416,"column":23},"end":{"line":416,"column":55}},"261":{"start":{"line":418,"column":8},"end":{"line":418,"column":85}},"262":{"start":{"line":420,"column":8},"end":{"line":423,"column":10}},"263":{"start":{"line":421,"column":12},"end":{"line":421,"column":41}},"264":{"start":{"line":421,"column":21},"end":{"line":421,"column":41}},"265":{"start":{"line":422,"column":12},"end":{"line":422,"column":36}},"266":{"start":{"line":431,"column":4},"end":{"line":431,"column":44}},"267":{"start":{"line":431,"column":31},"end":{"line":431,"column":44}},"268":{"start":{"line":432,"column":4},"end":{"line":432,"column":33}},"269":{"start":{"line":435,"column":0},"end":{"line":437,"column":2}},"270":{"start":{"line":436,"column":2},"end":{"line":436,"column":46}},"271":{"start":{"line":440,"column":0},"end":{"line":440,"column":20}}},"fnMap":{"0":{"name":"(anonymous_0)","decl":{"start":{"line":22,"column":4},"end":{"line":22,"column":5}},"loc":{"start":{"line":22,"column":39},"end":{"line":35,"column":5}}},"1":{"name":"(anonymous_1)","decl":{"start":{"line":23,"column":43},"end":{"line":23,"column":44}},"loc":{"start":{"line":23,"column":63},"end":{"line":34,"column":9}}},"2":{"name":"(anonymous_2)","decl":{"start":{"line":27,"column":42},"end":{"line":27,"column":43}},"loc":{"start":{"line":27,"column":72},"end":{"line":33,"column":13}}},"3":{"name":"(anonymous_3)","decl":{"start":{"line":38,"column":23},"end":{"line":38,"column":24}},"loc":{"start":{"line":38,"column":48},"end":{"line":40,"column":1}}},"4":{"name":"(anonymous_4)","decl":{"start":{"line":42,"column":25},"end":{"line":42,"column":26}},"loc":{"start":{"line":42,"column":48},"end":{"line":48,"column":1}}},"5":{"name":"(anonymous_5)","decl":{"start":{"line":43,"column":22},"end":{"line":43,"column":23}},"loc":{"start":{"line":43,"column":43},"end":{"line":47,"column":5}}},"6":{"name":"getLogInPage","decl":{"start":{"line":94,"column":9},"end":{"line":94,"column":21}},"loc":{"start":{"line":94,"column":32},"end":{"line":96,"column":1}}},"7":{"name":"logInUser","decl":{"start":{"line":98,"column":9},"end":{"line":98,"column":18}},"loc":{"start":{"line":98,"column":29},"end":{"line":100,"column":1}}},"8":{"name":"createNewUser","decl":{"start":{"line":102,"column":9},"end":{"line":102,"column":22}},"loc":{"start":{"line":102,"column":33},"end":{"line":110,"column":1}}},"9":{"name":"(anonymous_9)","decl":{"start":{"line":106,"column":14},"end":{"line":106,"column":15}},"loc":{"start":{"line":106,"column":34},"end":{"line":109,"column":5}}},"10":{"name":"getDashboard","decl":{"start":{"line":114,"column":9},"end":{"line":114,"column":21}},"loc":{"start":{"line":114,"column":32},"end":{"line":123,"column":1}}},"11":{"name":"(anonymous_11)","decl":{"start":{"line":118,"column":35},"end":{"line":118,"column":36}},"loc":{"start":{"line":118,"column":56},"end":{"line":122,"column":5}}},"12":{"name":"residentGetGuests","decl":{"start":{"line":125,"column":9},"end":{"line":125,"column":26}},"loc":{"start":{"line":125,"column":37},"end":{"line":141,"column":1}}},"13":{"name":"(anonymous_13)","decl":{"start":{"line":127,"column":41},"end":{"line":127,"column":42}},"loc":{"start":{"line":127,"column":62},"end":{"line":140,"column":5}}},"14":{"name":"(anonymous_14)","decl":{"start":{"line":133,"column":45},"end":{"line":133,"column":46}},"loc":{"start":{"line":133,"column":66},"end":{"line":137,"column":13}}},"15":{"name":"getRequests","decl":{"start":{"line":143,"column":9},"end":{"line":143,"column":20}},"loc":{"start":{"line":143,"column":31},"end":{"line":150,"column":1}}},"16":{"name":"(anonymous_16)","decl":{"start":{"line":145,"column":37},"end":{"line":145,"column":38}},"loc":{"start":{"line":145,"column":61},"end":{"line":149,"column":5}}},"17":{"name":"addGuest","decl":{"start":{"line":152,"column":9},"end":{"line":152,"column":17}},"loc":{"start":{"line":152,"column":28},"end":{"line":171,"column":1}}},"18":{"name":"(anonymous_18)","decl":{"start":{"line":161,"column":40},"end":{"line":161,"column":41}},"loc":{"start":{"line":161,"column":60},"end":{"line":169,"column":9}}},"19":{"name":"(anonymous_19)","decl":{"start":{"line":165,"column":23},"end":{"line":165,"column":24}},"loc":{"start":{"line":165,"column":44},"end":{"line":168,"column":13}}},"20":{"name":"handleRequest","decl":{"start":{"line":173,"column":9},"end":{"line":173,"column":22}},"loc":{"start":{"line":173,"column":33},"end":{"line":227,"column":1}}},"21":{"name":"(anonymous_21)","decl":{"start":{"line":179,"column":32},"end":{"line":179,"column":33}},"loc":{"start":{"line":179,"column":55},"end":{"line":226,"column":5}}},"22":{"name":"(anonymous_22)","decl":{"start":{"line":185,"column":89},"end":{"line":185,"column":90}},"loc":{"start":{"line":185,"column":109},"end":{"line":190,"column":17}}},"23":{"name":"(anonymous_23)","decl":{"start":{"line":187,"column":35},"end":{"line":187,"column":36}},"loc":{"start":{"line":187,"column":58},"end":{"line":189,"column":21}}},"24":{"name":"(anonymous_24)","decl":{"start":{"line":192,"column":31},"end":{"line":192,"column":32}},"loc":{"start":{"line":192,"column":54},"end":{"line":194,"column":17}}},"25":{"name":"(anonymous_25)","decl":{"start":{"line":207,"column":52},"end":{"line":207,"column":53}},"loc":{"start":{"line":207,"column":72},"end":{"line":218,"column":21}}},"26":{"name":"(anonymous_26)","decl":{"start":{"line":212,"column":35},"end":{"line":212,"column":36}},"loc":{"start":{"line":212,"column":56},"end":{"line":217,"column":25}}},"27":{"name":"(anonymous_27)","decl":{"start":{"line":214,"column":43},"end":{"line":214,"column":44}},"loc":{"start":{"line":214,"column":66},"end":{"line":216,"column":29}}},"28":{"name":"(anonymous_28)","decl":{"start":{"line":221,"column":31},"end":{"line":221,"column":32}},"loc":{"start":{"line":221,"column":54},"end":{"line":223,"column":17}}},"29":{"name":"getCommunities","decl":{"start":{"line":231,"column":9},"end":{"line":231,"column":23}},"loc":{"start":{"line":231,"column":34},"end":{"line":233,"column":1}}},"30":{"name":"getCommunitiesByCity","decl":{"start":{"line":235,"column":9},"end":{"line":235,"column":29}},"loc":{"start":{"line":235,"column":40},"end":{"line":245,"column":1}}},"31":{"name":"(anonymous_31)","decl":{"start":{"line":239,"column":33},"end":{"line":239,"column":34}},"loc":{"start":{"line":239,"column":60},"end":{"line":244,"column":5}}},"32":{"name":"getSuperUnits","decl":{"start":{"line":247,"column":9},"end":{"line":247,"column":22}},"loc":{"start":{"line":247,"column":33},"end":{"line":254,"column":1}}},"33":{"name":"(anonymous_33)","decl":{"start":{"line":248,"column":75},"end":{"line":248,"column":76}},"loc":{"start":{"line":248,"column":101},"end":{"line":253,"column":5}}},"34":{"name":"getUnits","decl":{"start":{"line":256,"column":9},"end":{"line":256,"column":17}},"loc":{"start":{"line":256,"column":28},"end":{"line":262,"column":1}}},"35":{"name":"(anonymous_35)","decl":{"start":{"line":257,"column":86},"end":{"line":257,"column":87}},"loc":{"start":{"line":257,"column":107},"end":{"line":261,"column":5}}},"36":{"name":"sendNewResidentRequest","decl":{"start":{"line":264,"column":9},"end":{"line":264,"column":31}},"loc":{"start":{"line":264,"column":42},"end":{"line":302,"column":1}}},"37":{"name":"(anonymous_37)","decl":{"start":{"line":274,"column":26},"end":{"line":274,"column":27}},"loc":{"start":{"line":274,"column":46},"end":{"line":301,"column":5}}},"38":{"name":"(anonymous_38)","decl":{"start":{"line":285,"column":44},"end":{"line":285,"column":45}},"loc":{"start":{"line":285,"column":69},"end":{"line":293,"column":13}}},"39":{"name":"(anonymous_39)","decl":{"start":{"line":289,"column":29},"end":{"line":289,"column":30}},"loc":{"start":{"line":289,"column":52},"end":{"line":292,"column":17}}},"40":{"name":"(anonymous_40)","decl":{"start":{"line":296,"column":25},"end":{"line":296,"column":26}},"loc":{"start":{"line":296,"column":48},"end":{"line":299,"column":13}}},"41":{"name":"createCommunity","decl":{"start":{"line":306,"column":9},"end":{"line":306,"column":24}},"loc":{"start":{"line":306,"column":35},"end":{"line":321,"column":1}}},"42":{"name":"(anonymous_42)","decl":{"start":{"line":316,"column":23},"end":{"line":316,"column":24}},"loc":{"start":{"line":316,"column":48},"end":{"line":319,"column":9}}},"43":{"name":"addUnitsToCommunity","decl":{"start":{"line":323,"column":9},"end":{"line":323,"column":28}},"loc":{"start":{"line":323,"column":39},"end":{"line":343,"column":1}}},"44":{"name":"(anonymous_44)","decl":{"start":{"line":335,"column":33},"end":{"line":335,"column":34}},"loc":{"start":{"line":335,"column":53},"end":{"line":339,"column":13}}},"45":{"name":"securityGetGuests","decl":{"start":{"line":347,"column":9},"end":{"line":347,"column":26}},"loc":{"start":{"line":347,"column":37},"end":{"line":369,"column":1}}},"46":{"name":"(anonymous_46)","decl":{"start":{"line":355,"column":50},"end":{"line":355,"column":51}},"loc":{"start":{"line":355,"column":75},"end":{"line":366,"column":5}}},"47":{"name":"(anonymous_47)","decl":{"start":{"line":361,"column":49},"end":{"line":361,"column":50}},"loc":{"start":{"line":361,"column":71},"end":{"line":365,"column":9}}},"48":{"name":"updateGuest","decl":{"start":{"line":371,"column":9},"end":{"line":371,"column":20}},"loc":{"start":{"line":371,"column":31},"end":{"line":399,"column":1}}},"49":{"name":"(anonymous_49)","decl":{"start":{"line":376,"column":28},"end":{"line":376,"column":29}},"loc":{"start":{"line":376,"column":49},"end":{"line":398,"column":5}}},"50":{"name":"(anonymous_50)","decl":{"start":{"line":380,"column":54},"end":{"line":380,"column":55}},"loc":{"start":{"line":380,"column":75},"end":{"line":383,"column":17}}},"51":{"name":"(anonymous_51)","decl":{"start":{"line":385,"column":57},"end":{"line":385,"column":58}},"loc":{"start":{"line":385,"column":78},"end":{"line":388,"column":17}}},"52":{"name":"(anonymous_52)","decl":{"start":{"line":392,"column":52},"end":{"line":392,"column":53}},"loc":{"start":{"line":392,"column":73},"end":{"line":395,"column":17}}},"53":{"name":"sendNewGuestRequest","decl":{"start":{"line":401,"column":9},"end":{"line":401,"column":28}},"loc":{"start":{"line":401,"column":39},"end":{"line":425,"column":1}}},"54":{"name":"(anonymous_54)","decl":{"start":{"line":410,"column":32},"end":{"line":410,"column":33}},"loc":{"start":{"line":410,"column":52},"end":{"line":424,"column":5}}},"55":{"name":"(anonymous_55)","decl":{"start":{"line":420,"column":21},"end":{"line":420,"column":22}},"loc":{"start":{"line":420,"column":44},"end":{"line":423,"column":9}}},"56":{"name":"isLoggedIn","decl":{"start":{"line":429,"column":9},"end":{"line":429,"column":19}},"loc":{"start":{"line":429,"column":36},"end":{"line":433,"column":1}}},"57":{"name":"(anonymous_57)","decl":{"start":{"line":435,"column":17},"end":{"line":435,"column":18}},"loc":{"start":{"line":435,"column":36},"end":{"line":437,"column":1}}}},"branchMap":{"0":{"loc":{"start":{"line":25,"column":12},"end":{"line":25,"column":37}},"type":"if","locations":[{"start":{"line":25,"column":12},"end":{"line":25,"column":37}},{"start":{"line":25,"column":12},"end":{"line":25,"column":37}}]},"1":{"loc":{"start":{"line":26,"column":12},"end":{"line":26,"column":47}},"type":"if","locations":[{"start":{"line":26,"column":12},"end":{"line":26,"column":47}},{"start":{"line":26,"column":12},"end":{"line":26,"column":47}}]},"2":{"loc":{"start":{"line":28,"column":16},"end":{"line":28,"column":41}},"type":"if","locations":[{"start":{"line":28,"column":16},"end":{"line":28,"column":41}},{"start":{"line":28,"column":16},"end":{"line":28,"column":41}}]},"3":{"loc":{"start":{"line":29,"column":16},"end":{"line":31,"column":17}},"type":"if","locations":[{"start":{"line":29,"column":16},"end":{"line":31,"column":17}},{"start":{"line":29,"column":16},"end":{"line":31,"column":17}}]},"4":{"loc":{"start":{"line":44,"column":8},"end":{"line":44,"column":37}},"type":"if","locations":[{"start":{"line":44,"column":8},"end":{"line":44,"column":37}},{"start":{"line":44,"column":8},"end":{"line":44,"column":37}}]},"5":{"loc":{"start":{"line":45,"column":8},"end":{"line":45,"column":46}},"type":"if","locations":[{"start":{"line":45,"column":8},"end":{"line":45,"column":46}},{"start":{"line":45,"column":8},"end":{"line":45,"column":46}}]},"6":{"loc":{"start":{"line":107,"column":8},"end":{"line":107,"column":37}},"type":"if","locations":[{"start":{"line":107,"column":8},"end":{"line":107,"column":37}},{"start":{"line":107,"column":8},"end":{"line":107,"column":37}}]},"7":{"loc":{"start":{"line":119,"column":8},"end":{"line":119,"column":39}},"type":"if","locations":[{"start":{"line":119,"column":8},"end":{"line":119,"column":39}},{"start":{"line":119,"column":8},"end":{"line":119,"column":39}}]},"8":{"loc":{"start":{"line":120,"column":8},"end":{"line":120,"column":55}},"type":"if","locations":[{"start":{"line":120,"column":8},"end":{"line":120,"column":55}},{"start":{"line":120,"column":8},"end":{"line":120,"column":55}}]},"9":{"loc":{"start":{"line":128,"column":8},"end":{"line":128,"column":37}},"type":"if","locations":[{"start":{"line":128,"column":8},"end":{"line":128,"column":37}},{"start":{"line":128,"column":8},"end":{"line":128,"column":37}}]},"10":{"loc":{"start":{"line":129,"column":8},"end":{"line":129,"column":64}},"type":"if","locations":[{"start":{"line":129,"column":8},"end":{"line":129,"column":64}},{"start":{"line":129,"column":8},"end":{"line":129,"column":64}}]},"11":{"loc":{"start":{"line":134,"column":16},"end":{"line":134,"column":45}},"type":"if","locations":[{"start":{"line":134,"column":16},"end":{"line":134,"column":45}},{"start":{"line":134,"column":16},"end":{"line":134,"column":45}}]},"12":{"loc":{"start":{"line":135,"column":16},"end":{"line":135,"column":67}},"type":"if","locations":[{"start":{"line":135,"column":16},"end":{"line":135,"column":67}},{"start":{"line":135,"column":16},"end":{"line":135,"column":67}}]},"13":{"loc":{"start":{"line":146,"column":8},"end":{"line":146,"column":37}},"type":"if","locations":[{"start":{"line":146,"column":8},"end":{"line":146,"column":37}},{"start":{"line":146,"column":8},"end":{"line":146,"column":37}}]},"14":{"loc":{"start":{"line":147,"column":8},"end":{"line":147,"column":73}},"type":"if","locations":[{"start":{"line":147,"column":8},"end":{"line":147,"column":73}},{"start":{"line":147,"column":8},"end":{"line":147,"column":73}}]},"15":{"loc":{"start":{"line":156,"column":4},"end":{"line":170,"column":5}},"type":"if","locations":[{"start":{"line":156,"column":4},"end":{"line":170,"column":5}},{"start":{"line":156,"column":4},"end":{"line":170,"column":5}}]},"16":{"loc":{"start":{"line":162,"column":12},"end":{"line":162,"column":41}},"type":"if","locations":[{"start":{"line":162,"column":12},"end":{"line":162,"column":41}},{"start":{"line":162,"column":12},"end":{"line":162,"column":41}}]},"17":{"loc":{"start":{"line":163,"column":12},"end":{"line":163,"column":66}},"type":"if","locations":[{"start":{"line":163,"column":12},"end":{"line":163,"column":66}},{"start":{"line":163,"column":12},"end":{"line":163,"column":66}}]},"18":{"loc":{"start":{"line":166,"column":16},"end":{"line":166,"column":45}},"type":"if","locations":[{"start":{"line":166,"column":16},"end":{"line":166,"column":45}},{"start":{"line":166,"column":16},"end":{"line":166,"column":45}}]},"19":{"loc":{"start":{"line":183,"column":8},"end":{"line":225,"column":9}},"type":"if","locations":[{"start":{"line":183,"column":8},"end":{"line":225,"column":9}},{"start":{"line":183,"column":8},"end":{"line":225,"column":9}}]},"20":{"loc":{"start":{"line":184,"column":12},"end":{"line":195,"column":13}},"type":"if","locations":[{"start":{"line":184,"column":12},"end":{"line":195,"column":13}},{"start":{"line":184,"column":12},"end":{"line":195,"column":13}}]},"21":{"loc":{"start":{"line":186,"column":20},"end":{"line":186,"column":45}},"type":"if","locations":[{"start":{"line":186,"column":20},"end":{"line":186,"column":45}},{"start":{"line":186,"column":20},"end":{"line":186,"column":45}}]},"22":{"loc":{"start":{"line":191,"column":19},"end":{"line":195,"column":13}},"type":"if","locations":[{"start":{"line":191,"column":19},"end":{"line":195,"column":13}},{"start":{"line":191,"column":19},"end":{"line":195,"column":13}}]},"23":{"loc":{"start":{"line":200,"column":12},"end":{"line":224,"column":13}},"type":"if","locations":[{"start":{"line":200,"column":12},"end":{"line":224,"column":13}},{"start":{"line":200,"column":12},"end":{"line":224,"column":13}}]},"24":{"loc":{"start":{"line":202,"column":16},"end":{"line":219,"column":17}},"type":"if","locations":[{"start":{"line":202,"column":16},"end":{"line":219,"column":17}},{"start":{"line":202,"column":16},"end":{"line":219,"column":17}}]},"25":{"loc":{"start":{"line":208,"column":24},"end":{"line":208,"column":53}},"type":"if","locations":[{"start":{"line":208,"column":24},"end":{"line":208,"column":53}},{"start":{"line":208,"column":24},"end":{"line":208,"column":53}}]},"26":{"loc":{"start":{"line":209,"column":24},"end":{"line":209,"column":78}},"type":"if","locations":[{"start":{"line":209,"column":24},"end":{"line":209,"column":78}},{"start":{"line":209,"column":24},"end":{"line":209,"column":78}}]},"27":{"loc":{"start":{"line":213,"column":28},"end":{"line":213,"column":57}},"type":"if","locations":[{"start":{"line":213,"column":28},"end":{"line":213,"column":57}},{"start":{"line":213,"column":28},"end":{"line":213,"column":57}}]},"28":{"loc":{"start":{"line":240,"column":8},"end":{"line":240,"column":37}},"type":"if","locations":[{"start":{"line":240,"column":8},"end":{"line":240,"column":37}},{"start":{"line":240,"column":8},"end":{"line":240,"column":37}}]},"29":{"loc":{"start":{"line":241,"column":8},"end":{"line":241,"column":76}},"type":"if","locations":[{"start":{"line":241,"column":8},"end":{"line":241,"column":76}},{"start":{"line":241,"column":8},"end":{"line":241,"column":76}}]},"30":{"loc":{"start":{"line":250,"column":8},"end":{"line":250,"column":37}},"type":"if","locations":[{"start":{"line":250,"column":8},"end":{"line":250,"column":37}},{"start":{"line":250,"column":8},"end":{"line":250,"column":37}}]},"31":{"loc":{"start":{"line":251,"column":8},"end":{"line":251,"column":75}},"type":"if","locations":[{"start":{"line":251,"column":8},"end":{"line":251,"column":75}},{"start":{"line":251,"column":8},"end":{"line":251,"column":75}}]},"32":{"loc":{"start":{"line":258,"column":8},"end":{"line":258,"column":37}},"type":"if","locations":[{"start":{"line":258,"column":8},"end":{"line":258,"column":37}},{"start":{"line":258,"column":8},"end":{"line":258,"column":37}}]},"33":{"loc":{"start":{"line":259,"column":8},"end":{"line":259,"column":64}},"type":"if","locations":[{"start":{"line":259,"column":8},"end":{"line":259,"column":64}},{"start":{"line":259,"column":8},"end":{"line":259,"column":64}}]},"34":{"loc":{"start":{"line":275,"column":8},"end":{"line":275,"column":37}},"type":"if","locations":[{"start":{"line":275,"column":8},"end":{"line":275,"column":37}},{"start":{"line":275,"column":8},"end":{"line":275,"column":37}}]},"35":{"loc":{"start":{"line":276,"column":8},"end":{"line":276,"column":62}},"type":"if","locations":[{"start":{"line":276,"column":8},"end":{"line":276,"column":62}},{"start":{"line":276,"column":8},"end":{"line":276,"column":62}}]},"36":{"loc":{"start":{"line":280,"column":8},"end":{"line":300,"column":9}},"type":"if","locations":[{"start":{"line":280,"column":8},"end":{"line":300,"column":9}},{"start":{"line":280,"column":8},"end":{"line":300,"column":9}}]},"37":{"loc":{"start":{"line":290,"column":20},"end":{"line":290,"column":49}},"type":"if","locations":[{"start":{"line":290,"column":20},"end":{"line":290,"column":49}},{"start":{"line":290,"column":20},"end":{"line":290,"column":49}}]},"38":{"loc":{"start":{"line":297,"column":16},"end":{"line":297,"column":45}},"type":"if","locations":[{"start":{"line":297,"column":16},"end":{"line":297,"column":45}},{"start":{"line":297,"column":16},"end":{"line":297,"column":45}}]},"39":{"loc":{"start":{"line":312,"column":4},"end":{"line":320,"column":5}},"type":"if","locations":[{"start":{"line":312,"column":4},"end":{"line":320,"column":5}},{"start":{"line":312,"column":4},"end":{"line":320,"column":5}}]},"40":{"loc":{"start":{"line":317,"column":12},"end":{"line":317,"column":41}},"type":"if","locations":[{"start":{"line":317,"column":12},"end":{"line":317,"column":41}},{"start":{"line":317,"column":12},"end":{"line":317,"column":41}}]},"41":{"loc":{"start":{"line":325,"column":4},"end":{"line":342,"column":5}},"type":"if","locations":[{"start":{"line":325,"column":4},"end":{"line":342,"column":5}},{"start":{"line":325,"column":4},"end":{"line":342,"column":5}}]},"42":{"loc":{"start":{"line":336,"column":16},"end":{"line":336,"column":47}},"type":"if","locations":[{"start":{"line":336,"column":16},"end":{"line":336,"column":47}},{"start":{"line":336,"column":16},"end":{"line":336,"column":47}}]},"43":{"loc":{"start":{"line":337,"column":16},"end":{"line":337,"column":49}},"type":"if","locations":[{"start":{"line":337,"column":16},"end":{"line":337,"column":49}},{"start":{"line":337,"column":16},"end":{"line":337,"column":49}}]},"44":{"loc":{"start":{"line":349,"column":4},"end":{"line":351,"column":5}},"type":"if","locations":[{"start":{"line":349,"column":4},"end":{"line":351,"column":5}},{"start":{"line":349,"column":4},"end":{"line":351,"column":5}}]},"45":{"loc":{"start":{"line":356,"column":8},"end":{"line":356,"column":37}},"type":"if","locations":[{"start":{"line":356,"column":8},"end":{"line":356,"column":37}},{"start":{"line":356,"column":8},"end":{"line":356,"column":37}}]},"46":{"loc":{"start":{"line":357,"column":8},"end":{"line":357,"column":72}},"type":"if","locations":[{"start":{"line":357,"column":8},"end":{"line":357,"column":72}},{"start":{"line":357,"column":8},"end":{"line":357,"column":72}}]},"47":{"loc":{"start":{"line":362,"column":12},"end":{"line":362,"column":41}},"type":"if","locations":[{"start":{"line":362,"column":12},"end":{"line":362,"column":41}},{"start":{"line":362,"column":12},"end":{"line":362,"column":41}}]},"48":{"loc":{"start":{"line":363,"column":12},"end":{"line":363,"column":70}},"type":"if","locations":[{"start":{"line":363,"column":12},"end":{"line":363,"column":70}},{"start":{"line":363,"column":12},"end":{"line":363,"column":70}}]},"49":{"loc":{"start":{"line":378,"column":8},"end":{"line":397,"column":9}},"type":"if","locations":[{"start":{"line":378,"column":8},"end":{"line":397,"column":9}},{"start":{"line":378,"column":8},"end":{"line":397,"column":9}}]},"50":{"loc":{"start":{"line":379,"column":12},"end":{"line":389,"column":13}},"type":"if","locations":[{"start":{"line":379,"column":12},"end":{"line":389,"column":13}},{"start":{"line":379,"column":12},"end":{"line":389,"column":13}}]},"51":{"loc":{"start":{"line":381,"column":20},"end":{"line":381,"column":49}},"type":"if","locations":[{"start":{"line":381,"column":20},"end":{"line":381,"column":49}},{"start":{"line":381,"column":20},"end":{"line":381,"column":49}}]},"52":{"loc":{"start":{"line":384,"column":19},"end":{"line":389,"column":13}},"type":"if","locations":[{"start":{"line":384,"column":19},"end":{"line":389,"column":13}},{"start":{"line":384,"column":19},"end":{"line":389,"column":13}}]},"53":{"loc":{"start":{"line":386,"column":20},"end":{"line":386,"column":49}},"type":"if","locations":[{"start":{"line":386,"column":20},"end":{"line":386,"column":49}},{"start":{"line":386,"column":20},"end":{"line":386,"column":49}}]},"54":{"loc":{"start":{"line":391,"column":12},"end":{"line":396,"column":13}},"type":"if","locations":[{"start":{"line":391,"column":12},"end":{"line":396,"column":13}},{"start":{"line":391,"column":12},"end":{"line":396,"column":13}}]},"55":{"loc":{"start":{"line":393,"column":20},"end":{"line":393,"column":49}},"type":"if","locations":[{"start":{"line":393,"column":20},"end":{"line":393,"column":49}},{"start":{"line":393,"column":20},"end":{"line":393,"column":49}}]},"56":{"loc":{"start":{"line":412,"column":8},"end":{"line":412,"column":37}},"type":"if","locations":[{"start":{"line":412,"column":8},"end":{"line":412,"column":37}},{"start":{"line":412,"column":8},"end":{"line":412,"column":37}}]},"57":{"loc":{"start":{"line":413,"column":8},"end":{"line":413,"column":62}},"type":"if","locations":[{"start":{"line":413,"column":8},"end":{"line":413,"column":62}},{"start":{"line":413,"column":8},"end":{"line":413,"column":62}}]},"58":{"loc":{"start":{"line":421,"column":12},"end":{"line":421,"column":41}},"type":"if","locations":[{"start":{"line":421,"column":12},"end":{"line":421,"column":41}},{"start":{"line":421,"column":12},"end":{"line":421,"column":41}}]},"59":{"loc":{"start":{"line":431,"column":4},"end":{"line":431,"column":44}},"type":"if","locations":[{"start":{"line":431,"column":4},"end":{"line":431,"column":44}},{"start":{"line":431,"column":4},"end":{"line":431,"column":44}}]}},"s":{"0":1,"1":1,"2":1,"3":1,"4":1,"5":1,"6":1,"7":1,"8":1,"9":1,"10":1,"11":1,"12":1,"13":1,"14":1,"15":0,"16":0,"17":0,"18":0,"19":0,"20":0,"21":0,"22":0,"23":0,"24":0,"25":0,"26":1,"27":0,"28":1,"29":0,"30":0,"31":0,"32":0,"33":0,"34":0,"35":1,"36":1,"37":1,"38":1,"39":1,"40":1,"41":1,"42":1,"43":1,"44":1,"45":1,"46":1,"47":1,"48":1,"49":1,"50":1,"51":1,"52":1,"53":1,"54":1,"55":1,"56":1,"57":1,"58":0,"59":0,"60":1,"61":1,"62":1,"63":1,"64":0,"65":0,"66":0,"67":0,"68":0,"69":0,"70":0,"71":0,"72":0,"73":0,"74":0,"75":0,"76":0,"77":0,"78":0,"79":0,"80":0,"81":0,"82":0,"83":0,"84":0,"85":0,"86":0,"87":0,"88":0,"89":0,"90":0,"91":0,"92":0,"93":0,"94":0,"95":0,"96":0,"97":0,"98":0,"99":0,"100":0,"101":0,"102":0,"103":0,"104":0,"105":0,"106":0,"107":0,"108":0,"109":0,"110":0,"111":0,"112":0,"113":0,"114":0,"115":0,"116":0,"117":0,"118":0,"119":0,"120":0,"121":0,"122":0,"123":0,"124":0,"125":0,"126":0,"127":0,"128":0,"129":0,"130":0,"131":0,"132":0,"133":0,"134":0,"135":0,"136":0,"137":0,"138":0,"139":0,"140":0,"141":0,"142":0,"143":0,"144":0,"145":0,"146":0,"147":0,"148":0,"149":0,"150":0,"151":0,"152":0,"153":0,"154":0,"155":0,"156":0,"157":0,"158":0,"159":0,"160":0,"161":0,"162":0,"163":0,"164":0,"165":0,"166":0,"167":0,"168":0,"169":0,"170":0,"171":0,"172":0,"173":0,"174":0,"175":0,"176":0,"177":0,"178":0,"179":0,"180":0,"181":0,"182":0,"183":0,"184":0,"185":0,"186":0,"187":0,"188":0,"189":0,"190":0,"191":0,"192":0,"193":0,"194":0,"195":0,"196":0,"197":0,"198":0,"199":0,"200":0,"201":0,"202":0,"203":0,"204":0,"205":0,"206":0,"207":0,"208":0,"209":0,"210":0,"211":0,"212":0,"213":0,"214":0,"215":0,"216":0,"217":0,"218":0,"219":0,"220":0,"221":0,"222":0,"223":0,"224":0,"225":0,"226":0,"227":0,"228":0,"229":0,"230":0,"231":0,"232":0,"233":0,"234":0,"235":0,"236":0,"237":0,"238":0,"239":0,"240":0,"241":0,"242":0,"243":0,"244":0,"245":0,"246":0,"247":0,"248":0,"249":0,"250":0,"251":0,"252":0,"253":0,"254":0,"255":0,"256":0,"257":0,"258":0,"259":0,"260":0,"261":0,"262":0,"263":0,"264":0,"265":0,"266":0,"267":0,"268":0,"269":1,"270":1,"271":1},"f":{"0":0,"1":0,"2":0,"3":0,"4":0,"5":0,"6":0,"7":0,"8":1,"9":1,"10":0,"11":0,"12":0,"13":0,"14":0,"15":0,"16":0,"17":0,"18":0,"19":0,"20":0,"21":0,"22":0,"23":0,"24":0,"25":0,"26":0,"27":0,"28":0,"29":0,"30":0,"31":0,"32":0,"33":0,"34":0,"35":0,"36":0,"37":0,"38":0,"39":0,"40":0,"41":0,"42":0,"43":0,"44":0,"45":0,"46":0,"47":0,"48":0,"49":0,"50":0,"51":0,"52":0,"53":0,"54":0,"55":0,"56":0,"57":1},"b":{"0":[0,0],"1":[0,0],"2":[0,0],"3":[0,0],"4":[0,0],"5":[0,0],"6":[1,0],"7":[0,0],"8":[0,0],"9":[0,0],"10":[0,0],"11":[0,0],"12":[0,0],"13":[0,0],"14":[0,0],"15":[0,0],"16":[0,0],"17":[0,0],"18":[0,0],"19":[0,0],"20":[0,0],"21":[0,0],"22":[0,0],"23":[0,0],"24":[0,0],"25":[0,0],"26":[0,0],"27":[0,0],"28":[0,0],"29":[0,0],"30":[0,0],"31":[0,0],"32":[0,0],"33":[0,0],"34":[0,0],"35":[0,0],"36":[0,0],"37":[0,0],"38":[0,0],"39":[0,0],"40":[0,0],"41":[0,0],"42":[0,0],"43":[0,0],"44":[0,0],"45":[0,0],"46":[0,0],"47":[0,0],"48":[0,0],"49":[0,0],"50":[0,0],"51":[0,0],"52":[0,0],"53":[0,0],"54":[0,0],"55":[0,0],"56":[0,0],"57":[0,0],"58":[0,0],"59":[0,0]},"_coverageSchema":"332fd63041d2c1bcb487cc26dd0d5f7d97098a6c","hash":"eb6673e27baf3a39d4e6750a87b8bcfde407e969"}
,"/Users/ricardonazario/Desktop/Codetrotters/Web Apps/Hometurf/models/community.js": {"path":"/Users/ricardonazario/Desktop/Codetrotters/Web Apps/Hometurf/models/community.js","statementMap":{"0":{"start":{"line":1,"column":17},"end":{"line":1,"column":36}},"1":{"start":{"line":3,"column":24},"end":{"line":41,"column":2}},"2":{"start":{"line":43,"column":0},"end":{"line":43,"column":61}}},"fnMap":{},"branchMap":{},"s":{"0":1,"1":1,"2":1},"f":{},"b":{},"_coverageSchema":"332fd63041d2c1bcb487cc26dd0d5f7d97098a6c","hash":"6daba2400b5e8e4025dffde38b7ec1fc49f26305"}
,"/Users/ricardonazario/Desktop/Codetrotters/Web Apps/Hometurf/models/guest.js": {"path":"/Users/ricardonazario/Desktop/Codetrotters/Web Apps/Hometurf/models/guest.js","statementMap":{"0":{"start":{"line":1,"column":17},"end":{"line":1,"column":36}},"1":{"start":{"line":3,"column":20},"end":{"line":36,"column":2}},"2":{"start":{"line":38,"column":0},"end":{"line":38,"column":53}}},"fnMap":{},"branchMap":{},"s":{"0":1,"1":1,"2":1},"f":{},"b":{},"_coverageSchema":"332fd63041d2c1bcb487cc26dd0d5f7d97098a6c","hash":"2760f3a75bd5196c1eaa68b3980f814d5d93bcb7"}
,"/Users/ricardonazario/Desktop/Codetrotters/Web Apps/Hometurf/models/request.js": {"path":"/Users/ricardonazario/Desktop/Codetrotters/Web Apps/Hometurf/models/request.js","statementMap":{"0":{"start":{"line":1,"column":17},"end":{"line":1,"column":36}},"1":{"start":{"line":3,"column":22},"end":{"line":35,"column":2}},"2":{"start":{"line":37,"column":0},"end":{"line":37,"column":57}}},"fnMap":{},"branchMap":{},"s":{"0":1,"1":1,"2":1},"f":{},"b":{},"_coverageSchema":"332fd63041d2c1bcb487cc26dd0d5f7d97098a6c","hash":"431f7320d9dd8479d89eb2b085d254133096057c"}
,"/Users/ricardonazario/Desktop/Codetrotters/Web Apps/Hometurf/models/unit.js": {"path":"/Users/ricardonazario/Desktop/Codetrotters/Web Apps/Hometurf/models/unit.js","statementMap":{"0":{"start":{"line":1,"column":17},"end":{"line":1,"column":36}},"1":{"start":{"line":3,"column":19},"end":{"line":22,"column":2}},"2":{"start":{"line":24,"column":0},"end":{"line":24,"column":51}}},"fnMap":{},"branchMap":{},"s":{"0":1,"1":1,"2":1},"f":{},"b":{},"_coverageSchema":"332fd63041d2c1bcb487cc26dd0d5f7d97098a6c","hash":"c53b92cdaaec12b5197fab514398648e58a31e3e"}
,"/Users/ricardonazario/Desktop/Codetrotters/Web Apps/Hometurf/models/user.js": {"path":"/Users/ricardonazario/Desktop/Codetrotters/Web Apps/Hometurf/models/user.js","statementMap":{"0":{"start":{"line":1,"column":17},"end":{"line":1,"column":36}},"1":{"start":{"line":2,"column":15},"end":{"line":2,"column":32}},"2":{"start":{"line":4,"column":19},"end":{"line":28,"column":2}},"3":{"start":{"line":30,"column":0},"end":{"line":47,"column":2}},"4":{"start":{"line":31,"column":15},"end":{"line":31,"column":19}},"5":{"start":{"line":33,"column":4},"end":{"line":33,"column":51}},"6":{"start":{"line":33,"column":38},"end":{"line":33,"column":51}},"7":{"start":{"line":36,"column":4},"end":{"line":46,"column":6}},"8":{"start":{"line":37,"column":8},"end":{"line":37,"column":33}},"9":{"start":{"line":37,"column":17},"end":{"line":37,"column":33}},"10":{"start":{"line":39,"column":8},"end":{"line":45,"column":10}},"11":{"start":{"line":40,"column":12},"end":{"line":40,"column":37}},"12":{"start":{"line":40,"column":21},"end":{"line":40,"column":37}},"13":{"start":{"line":43,"column":12},"end":{"line":43,"column":32}},"14":{"start":{"line":44,"column":12},"end":{"line":44,"column":25}},"15":{"start":{"line":49,"column":0},"end":{"line":51,"column":1}},"16":{"start":{"line":50,"column":4},"end":{"line":50,"column":62}},"17":{"start":{"line":53,"column":0},"end":{"line":53,"column":51}}},"fnMap":{"0":{"name":"(anonymous_0)","decl":{"start":{"line":30,"column":23},"end":{"line":30,"column":24}},"loc":{"start":{"line":30,"column":38},"end":{"line":47,"column":1}}},"1":{"name":"(anonymous_1)","decl":{"start":{"line":36,"column":23},"end":{"line":36,"column":24}},"loc":{"start":{"line":36,"column":43},"end":{"line":46,"column":5}}},"2":{"name":"(anonymous_2)","decl":{"start":{"line":39,"column":41},"end":{"line":39,"column":42}},"loc":{"start":{"line":39,"column":61},"end":{"line":45,"column":9}}},"3":{"name":"(anonymous_3)","decl":{"start":{"line":49,"column":36},"end":{"line":49,"column":37}},"loc":{"start":{"line":49,"column":74},"end":{"line":51,"column":1}}}},"branchMap":{"0":{"loc":{"start":{"line":33,"column":4},"end":{"line":33,"column":51}},"type":"if","locations":[{"start":{"line":33,"column":4},"end":{"line":33,"column":51}},{"start":{"line":33,"column":4},"end":{"line":33,"column":51}}]},"1":{"loc":{"start":{"line":37,"column":8},"end":{"line":37,"column":33}},"type":"if","locations":[{"start":{"line":37,"column":8},"end":{"line":37,"column":33}},{"start":{"line":37,"column":8},"end":{"line":37,"column":33}}]},"2":{"loc":{"start":{"line":40,"column":12},"end":{"line":40,"column":37}},"type":"if","locations":[{"start":{"line":40,"column":12},"end":{"line":40,"column":37}},{"start":{"line":40,"column":12},"end":{"line":40,"column":37}}]}},"s":{"0":1,"1":1,"2":1,"3":1,"4":0,"5":0,"6":0,"7":0,"8":0,"9":0,"10":0,"11":0,"12":0,"13":0,"14":0,"15":1,"16":0,"17":1},"f":{"0":0,"1":0,"2":0,"3":0},"b":{"0":[0,0],"1":[0,0],"2":[0,0]},"_coverageSchema":"332fd63041d2c1bcb487cc26dd0d5f7d97098a6c","hash":"f2e8ff0ff596fef0621974451da9a82291d6e5a7"}
}
