TN:
SF:/Users/ricardonazario/Desktop/Codetrotters/Web Apps/Hometurf/server.js
FN:22,(anonymous_0)
FN:23,(anonymous_1)
FN:27,(anonymous_2)
FN:38,(anonymous_3)
FN:42,(anonymous_4)
FN:43,(anonymous_5)
FN:94,getLogInPage
FN:98,logInUser
FN:102,createNewUser
FN:106,(anonymous_9)
FN:114,getDashboard
FN:118,(anonymous_11)
FN:125,residentGetGuests
FN:127,(anonymous_13)
FN:133,(anonymous_14)
FN:143,getRequests
FN:145,(anonymous_16)
FN:152,addGuest
FN:161,(anonymous_18)
FN:165,(anonymous_19)
FN:173,handleRequest
FN:179,(anonymous_21)
FN:185,(anonymous_22)
FN:187,(anonymous_23)
FN:192,(anonymous_24)
FN:207,(anonymous_25)
FN:212,(anonymous_26)
FN:214,(anonymous_27)
FN:221,(anonymous_28)
FN:231,getCommunities
FN:235,getCommunitiesByCity
FN:239,(anonymous_31)
FN:247,getSuperUnits
FN:248,(anonymous_33)
FN:256,getUnits
FN:257,(anonymous_35)
FN:264,sendNewResidentRequest
FN:274,(anonymous_37)
FN:285,(anonymous_38)
FN:289,(anonymous_39)
FN:296,(anonymous_40)
FN:306,createCommunity
FN:316,(anonymous_42)
FN:323,addUnitsToCommunity
FN:335,(anonymous_44)
FN:347,securityGetGuests
FN:355,(anonymous_46)
FN:361,(anonymous_47)
FN:371,updateGuest
FN:376,(anonymous_49)
FN:380,(anonymous_50)
FN:385,(anonymous_51)
FN:392,(anonymous_52)
FN:401,sendNewGuestRequest
FN:410,(anonymous_54)
FN:420,(anonymous_55)
FN:429,isLoggedIn
FN:435,(anonymous_57)
FNF:58
FNH:3
FNDA:0,(anonymous_0)
FNDA:0,(anonymous_1)
FNDA:0,(anonymous_2)
FNDA:0,(anonymous_3)
FNDA:0,(anonymous_4)
FNDA:0,(anonymous_5)
FNDA:0,getLogInPage
FNDA:0,logInUser
FNDA:1,createNewUser
FNDA:1,(anonymous_9)
FNDA:0,getDashboard
FNDA:0,(anonymous_11)
FNDA:0,residentGetGuests
FNDA:0,(anonymous_13)
FNDA:0,(anonymous_14)
FNDA:0,getRequests
FNDA:0,(anonymous_16)
FNDA:0,addGuest
FNDA:0,(anonymous_18)
FNDA:0,(anonymous_19)
FNDA:0,handleRequest
FNDA:0,(anonymous_21)
FNDA:0,(anonymous_22)
FNDA:0,(anonymous_23)
FNDA:0,(anonymous_24)
FNDA:0,(anonymous_25)
FNDA:0,(anonymous_26)
FNDA:0,(anonymous_27)
FNDA:0,(anonymous_28)
FNDA:0,getCommunities
FNDA:0,getCommunitiesByCity
FNDA:0,(anonymous_31)
FNDA:0,getSuperUnits
FNDA:0,(anonymous_33)
FNDA:0,getUnits
FNDA:0,(anonymous_35)
FNDA:0,sendNewResidentRequest
FNDA:0,(anonymous_37)
FNDA:0,(anonymous_38)
FNDA:0,(anonymous_39)
FNDA:0,(anonymous_40)
FNDA:0,createCommunity
FNDA:0,(anonymous_42)
FNDA:0,addUnitsToCommunity
FNDA:0,(anonymous_44)
FNDA:0,securityGetGuests
FNDA:0,(anonymous_46)
FNDA:0,(anonymous_47)
FNDA:0,updateGuest
FNDA:0,(anonymous_49)
FNDA:0,(anonymous_50)
FNDA:0,(anonymous_51)
FNDA:0,(anonymous_52)
FNDA:0,sendNewGuestRequest
FNDA:0,(anonymous_54)
FNDA:0,(anonymous_55)
FNDA:0,isLoggedIn
FNDA:1,(anonymous_57)
DA:1,1
DA:2,1
DA:3,1
DA:4,1
DA:6,1
DA:7,1
DA:8,1
DA:9,1
DA:10,1
DA:11,1
DA:12,1
DA:14,1
DA:17,1
DA:18,1
DA:21,1
DA:23,0
DA:25,0
DA:26,0
DA:27,0
DA:28,0
DA:29,0
DA:30,0
DA:32,0
DA:38,1
DA:39,0
DA:42,1
DA:43,0
DA:44,0
DA:45,0
DA:46,0
DA:50,1
DA:51,1
DA:52,1
DA:53,1
DA:54,1
DA:61,1
DA:62,1
DA:63,1
DA:66,1
DA:67,1
DA:68,1
DA:69,1
DA:70,1
DA:73,1
DA:74,1
DA:75,1
DA:76,1
DA:77,1
DA:80,1
DA:81,1
DA:84,1
DA:85,1
DA:86,1
DA:95,0
DA:99,0
DA:104,1
DA:106,1
DA:107,1
DA:108,0
DA:115,0
DA:116,0
DA:118,0
DA:119,0
DA:120,0
DA:121,0
DA:127,0
DA:128,0
DA:129,0
DA:131,0
DA:132,0
DA:133,0
DA:134,0
DA:135,0
DA:136,0
DA:139,0
DA:145,0
DA:146,0
DA:147,0
DA:148,0
DA:154,0
DA:156,0
DA:158,0
DA:159,0
DA:161,0
DA:162,0
DA:163,0
DA:164,0
DA:165,0
DA:166,0
DA:167,0
DA:175,0
DA:176,0
DA:177,0
DA:179,0
DA:181,0
DA:182,0
DA:183,0
DA:184,0
DA:185,0
DA:186,0
DA:187,0
DA:188,0
DA:191,0
DA:192,0
DA:193,0
DA:198,0
DA:200,0
DA:202,0
DA:204,0
DA:205,0
DA:207,0
DA:208,0
DA:209,0
DA:210,0
DA:211,0
DA:212,0
DA:213,0
DA:214,0
DA:215,0
DA:221,0
DA:222,0
DA:232,0
DA:237,0
DA:239,0
DA:240,0
DA:241,0
DA:242,0
DA:243,0
DA:248,0
DA:249,0
DA:250,0
DA:251,0
DA:252,0
DA:257,0
DA:258,0
DA:259,0
DA:260,0
DA:266,0
DA:267,0
DA:269,0
DA:270,0
DA:271,0
DA:272,0
DA:274,0
DA:275,0
DA:276,0
DA:277,0
DA:278,0
DA:280,0
DA:282,0
DA:283,0
DA:285,0
DA:286,0
DA:287,0
DA:289,0
DA:290,0
DA:291,0
DA:295,0
DA:296,0
DA:297,0
DA:298,0
DA:308,0
DA:309,0
DA:310,0
DA:312,0
DA:314,0
DA:316,0
DA:317,0
DA:318,0
DA:325,0
DA:326,0
DA:327,0
DA:328,0
DA:330,0
DA:331,0
DA:335,0
DA:336,0
DA:337,0
DA:338,0
DA:341,0
DA:349,0
DA:350,0
DA:355,0
DA:356,0
DA:357,0
DA:359,0
DA:361,0
DA:362,0
DA:363,0
DA:364,0
DA:373,0
DA:374,0
DA:376,0
DA:377,0
DA:378,0
DA:379,0
DA:380,0
DA:381,0
DA:382,0
DA:384,0
DA:385,0
DA:386,0
DA:387,0
DA:391,0
DA:392,0
DA:393,0
DA:394,0
DA:403,0
DA:404,0
DA:405,0
DA:406,0
DA:407,0
DA:408,0
DA:410,0
DA:412,0
DA:413,0
DA:414,0
DA:416,0
DA:418,0
DA:420,0
DA:421,0
DA:422,0
DA:431,0
DA:432,0
DA:435,1
DA:436,1
DA:440,1
LF:227
LH:46
BRDA:25,0,0,0
BRDA:25,0,1,0
BRDA:26,1,0,0
BRDA:26,1,1,0
BRDA:28,2,0,0
BRDA:28,2,1,0
BRDA:29,3,0,0
BRDA:29,3,1,0
BRDA:44,4,0,0
BRDA:44,4,1,0
BRDA:45,5,0,0
BRDA:45,5,1,0
BRDA:107,6,0,1
BRDA:107,6,1,0
BRDA:119,7,0,0
BRDA:119,7,1,0
BRDA:120,8,0,0
BRDA:120,8,1,0
BRDA:128,9,0,0
BRDA:128,9,1,0
BRDA:129,10,0,0
BRDA:129,10,1,0
BRDA:134,11,0,0
BRDA:134,11,1,0
BRDA:135,12,0,0
BRDA:135,12,1,0
BRDA:146,13,0,0
BRDA:146,13,1,0
BRDA:147,14,0,0
BRDA:147,14,1,0
BRDA:156,15,0,0
BRDA:156,15,1,0
BRDA:162,16,0,0
BRDA:162,16,1,0
BRDA:163,17,0,0
BRDA:163,17,1,0
BRDA:166,18,0,0
BRDA:166,18,1,0
BRDA:183,19,0,0
BRDA:183,19,1,0
BRDA:184,20,0,0
BRDA:184,20,1,0
BRDA:186,21,0,0
BRDA:186,21,1,0
BRDA:191,22,0,0
BRDA:191,22,1,0
BRDA:200,23,0,0
BRDA:200,23,1,0
BRDA:202,24,0,0
BRDA:202,24,1,0
BRDA:208,25,0,0
BRDA:208,25,1,0
BRDA:209,26,0,0
BRDA:209,26,1,0
BRDA:213,27,0,0
BRDA:213,27,1,0
BRDA:240,28,0,0
BRDA:240,28,1,0
BRDA:241,29,0,0
BRDA:241,29,1,0
BRDA:250,30,0,0
BRDA:250,30,1,0
BRDA:251,31,0,0
BRDA:251,31,1,0
BRDA:258,32,0,0
BRDA:258,32,1,0
BRDA:259,33,0,0
BRDA:259,33,1,0
BRDA:275,34,0,0
BRDA:275,34,1,0
BRDA:276,35,0,0
BRDA:276,35,1,0
BRDA:280,36,0,0
BRDA:280,36,1,0
BRDA:290,37,0,0
BRDA:290,37,1,0
BRDA:297,38,0,0
BRDA:297,38,1,0
BRDA:312,39,0,0
BRDA:312,39,1,0
BRDA:317,40,0,0
BRDA:317,40,1,0
BRDA:325,41,0,0
BRDA:325,41,1,0
BRDA:336,42,0,0
BRDA:336,42,1,0
BRDA:337,43,0,0
BRDA:337,43,1,0
BRDA:349,44,0,0
BRDA:349,44,1,0
BRDA:356,45,0,0
BRDA:356,45,1,0
BRDA:357,46,0,0
BRDA:357,46,1,0
BRDA:362,47,0,0
BRDA:362,47,1,0
BRDA:363,48,0,0
BRDA:363,48,1,0
BRDA:378,49,0,0
BRDA:378,49,1,0
BRDA:379,50,0,0
BRDA:379,50,1,0
BRDA:381,51,0,0
BRDA:381,51,1,0
BRDA:384,52,0,0
BRDA:384,52,1,0
BRDA:386,53,0,0
BRDA:386,53,1,0
BRDA:391,54,0,0
BRDA:391,54,1,0
BRDA:393,55,0,0
BRDA:393,55,1,0
BRDA:412,56,0,0
BRDA:412,56,1,0
BRDA:413,57,0,0
BRDA:413,57,1,0
BRDA:421,58,0,0
BRDA:421,58,1,0
BRDA:431,59,0,0
BRDA:431,59,1,0
BRF:120
BRH:1
end_of_record
TN:
SF:/Users/ricardonazario/Desktop/Codetrotters/Web Apps/Hometurf/models/community.js
FNF:0
FNH:0
DA:1,1
DA:3,1
DA:43,1
LF:3
LH:3
BRF:0
BRH:0
end_of_record
TN:
SF:/Users/ricardonazario/Desktop/Codetrotters/Web Apps/Hometurf/models/guest.js
FNF:0
FNH:0
DA:1,1
DA:3,1
DA:38,1
LF:3
LH:3
BRF:0
BRH:0
end_of_record
TN:
SF:/Users/ricardonazario/Desktop/Codetrotters/Web Apps/Hometurf/models/request.js
FNF:0
FNH:0
DA:1,1
DA:3,1
DA:37,1
LF:3
LH:3
BRF:0
BRH:0
end_of_record
TN:
SF:/Users/ricardonazario/Desktop/Codetrotters/Web Apps/Hometurf/models/unit.js
FNF:0
FNH:0
DA:1,1
DA:3,1
DA:24,1
LF:3
LH:3
BRF:0
BRH:0
end_of_record
TN:
SF:/Users/ricardonazario/Desktop/Codetrotters/Web Apps/Hometurf/models/user.js
FN:30,(anonymous_0)
FN:36,(anonymous_1)
FN:39,(anonymous_2)
FN:49,(anonymous_3)
FNF:4
FNH:0
FNDA:0,(anonymous_0)
FNDA:0,(anonymous_1)
FNDA:0,(anonymous_2)
FNDA:0,(anonymous_3)
DA:1,1
DA:2,1
DA:4,1
DA:30,1
DA:31,0
DA:33,0
DA:36,0
DA:37,0
DA:39,0
DA:40,0
DA:43,0
DA:44,0
DA:49,1
DA:50,0
DA:53,1
LF:15
LH:6
BRDA:33,0,0,0
BRDA:33,0,1,0
BRDA:37,1,0,0
BRDA:37,1,1,0
BRDA:40,2,0,0
BRDA:40,2,1,0
BRF:6
BRH:0
end_of_record
